Preparing memory manager...
Done
Setting up global variables...
Preparing globals
Spacing memory...
Done
Setting preset variable(s)...
Looking for global variable with specified name...
Done
We couldn't find the variable, so we'll create a new one
Copying name and value into new space...
Done
Done
Done
Starting terminal kernel...
Setting up terminal environment...
Done
Prompting the user for input...
Done
Starting keypress listener...
Initialising PICs for keyboard input...
Done
Set keyboard scan code set to 1
Finshed keyboard setup
Done
Prompting the user for input...
Done
Prompting the user for input...
Done
Prompting the user for input...
Done
Prompting the user for input...
Done
Prompting the user for input...
Done
Prompting the user for input...
Done
Prompting the user for input...
Done
Prompting the user for input...
Done
Prompting the user for input...
Done
Prompting the user for input...
Done
Prompting the user for input...
Done
Prompting the user for input...
Done
Prompting the user for input...
Done
Processing the current line of input...
Done
Interpreting command...
Done
Prompting the user for input...
Done
Resetting input line...
Done
Processing the current line of input...
Done
Interpreting command...
Done
Prompting the user for input...
Done
Resetting input line...
Done
Processing the current line of input...
Done
Interpreting command...
Done
Prompting the user for input...
Done
Resetting input line...
Done
Processing the current line of input...
Done
Interpreting command...
Done
Prompting the user for input...
Done
Resetting input line...
Done
Processing the current line of input...
Done
Interpreting command...
Done
Prompting the user for input...
Done
Resetting input line...
Done
Processing the current line of input...
Done
Interpreting command...
Done
Prompting the user for input...
Done
Resetting input line...
Done
Processing the current line of input...
Done
Interpreting command...
Done
Prompting the user for input...
Done
Resetting input line...
Done
Processing the current line of input...
Done
Interpreting command...
Done
Prompting the user for input...
Done
Resetting input line...
Done
Processing the current line of input...
Done
Interpreting command...
Done
Prompting the user for input...
Done
Resetting input line...
Done
Processing the current line of input...
Done
Interpreting command...
Done
Prompting the user for input...
Done
Resetting input line...
Done
Processing the current line of input...
Done
Interpreting command...
Done
Prompting the user for input...
Done
Resetting input line...
Done
Processing the current line of input...
Done
Interpreting command...
Done
Prompting the user for input...
Done
Resetting input line...
Done
Processing the current line of input...
Done
Interpreting command...
Done
Prompting the user for input...
Done
Resetting input line...
Done
Processing the current line of input...
Done
Interpreting command...
Done
Prompting the user for input...
Done
Resetting input line...
Done
Processing the current line of input...
Done
Interpreting command...
Done
Prompting the user for input...
Done
Resetting input line...
Done
Processing the current line of input...
Done
Interpreting command...
Done
Prompting the user for input...
Done
Resetting input line...
Done
Processing the current line of input...
Done
Interpreting command...
Done
Prompting the user for input...
Done
Resetting input line...
Done
Processing the current line of input...
Done
Interpreting command...
Done
Prompting the user for input...
Done
Resetting input line...
Done
Processing the current line of input...
Done
Interpreting command...
Done
Prompting the user for input...
Done
Resetting input line...
Done
Processing the current line of input...
Done
Interpreting command...
Done
Prompting the user for input...
Done
Resetting input line...
Done
Processing the current line of input...
Done
Interpreting command...
Done
Prompting the user for input...
Done
Resetting input line...
Done
Processing the current line of input...
Done
Interpreting command...
Done
Prompting the user for input...
Done
Resetting input line...
Done
Processing the current line of input...
Done
Interpreting command...
Done
Prompting the user for input...
Done
Resetting input line...
Done
Processing the current line of input...
Done
Interpreting command...
Done
Prompting the user for input...
Done
Resetting input line...
Done
Processing the current line of input...
Done
Interpreting command...
Printing input...
Done
Done
Prompting the user for input...
Done
Resetting input line...
Done
Processing the current line of input...
Done
Interpreting command...
Printing input...
Done
Done
Prompting the user for input...
Done
Resetting input line...
Done
Processing the current line of input...
Done
Interpreting command...
Printing input...
Done
Done
Prompting the user for input...
Done
Resetting input line...
Done
Processing the current line of input...
Done
Interpreting command...
Printing bell character...
Done
Done
Prompting the user for input...
Done
Resetting input line...
Done
Processing the current line of input...
Done
Interpreting command...
Looping through commands to print funciton descriptions...
Done
Done
Prompting the user for input...
Done
Resetting input line...
Done
Processing the current line of input...
Done
Interpreting command...
Looping through commands to print funciton descriptions...
Done
Done
Prompting the user for input...
Done
Resetting input line...
Done
Processing the current line of input...
Done
Interpreting command...
Looping through commands to print funciton descriptions...
Done
Done
Prompting the user for input...
Done
Resetting input line...
Done
Processing the current line of input...
Done
Interpreting command...
Looping through commands to print funciton descriptions...
Done
Done
Prompting the user for input...
Done
Resetting input line...
Done
Processing the current line of input...
Done
Interpreting command...
Looping through commands to print funciton descriptions...
Done
Done
Prompting the user for input...
Done
Resetting input line...
Done
Processing the current line of input...
Done
Interpreting command...
Looping through commands to print funciton descriptions...
Done
Done
Prompting the user for input...
Done
Resetting input line...
Done
Processing the current line of input...
Done
Interpreting command...
Looping through commands to print funciton descriptions...
Done
Done
Prompting the user for input...
Done
Resetting input line...
Done
Processing the current line of input...
Done
Interpreting command...
Looping through commands to print funciton descriptions...
Done
Done
Prompting the user for input...
Done
Resetting input line...
Done
Processing the current line of input...
Done
Interpreting command...
Looping through commands to print funciton descriptions...
Done
Done
Prompting the user for input...
Done
Resetting input line...
Done
Processing the current line of input...
Done
Interpreting command...
Looping through commands to print funciton descriptions...
Done
Done
Prompting the user for input...
Done
Resetting input line...
Done
Processing the current line of input...
Done
Interpreting command...
Looping through commands to print funciton descriptions...
Done
Done
Prompting the user for input...
Done
Resetting input line...
Done
Processing the current line of input...
Done
Interpreting command...
Looping through commands to print funciton descriptions...
Done
Done
Prompting the user for input...
Done
Resetting input line...
Done
Processing the current line of input...
Done
Interpreting command...
Looping through commands to print funciton descriptions...
Done
Done
Prompting the user for input...
Done
Resetting input line...
Done
Processing the current line of input...
Done
Interpreting command...
Looping through commands to print funciton descriptions...
Done
Done
Prompting the user for input...
Done
Resetting input line...
Done
Processing the current line of input...
Done
Interpreting command...
Looping through commands to print funciton descriptions...
Done
Done
Prompting the user for input...
Done
Resetting input line...
Done
Processing the current line of input...
Done
Interpreting command...
Looping through commands to print funciton descriptions...
Done
Done
Prompting the user for input...
Done
Resetting input line...
Done
Processing the current line of input...
Done
Interpreting command...
Looping through commands to print funciton descriptions...
Done
Done
Prompting the user for input...
Done
Resetting input line...
Done
Processing the current line of input...
Done
Interpreting command...
Looping through commands to print funciton descriptions...
Done
Done
Prompting the user for input...
Done
Resetting input line...
Done
Processing the current line of input...
Done
Interpreting command...
Looping through commands to print funciton descriptions...
Done
Done
Prompting the user for input...
Done
Resetting input line...
Done
Processing the current line of input...
Done
Interpreting command...
Looping through commands to print funciton descriptions...
Done
Done
Prompting the user for input...
Done
Resetting input line...
Done
Processing the current line of input...
Done
Interpreting command...
Looping through commands to print funciton descriptions...
Done
Done
Prompting the user for input...
Done
Resetting input line...
Done
Processing the current line of input...
Done
Interpreting command...
Looping through commands to print funciton descriptions...
Done
Done
Prompting the user for input...
Done
Resetting input line...
Done
