Preparing memory manager...
1073741824
Done
Starting Otter kernel...
We found a place
Logging allocation table:
5
Item 0
Memory Address=0x0
Is Free=false
Size=1

Item 1
Memory Address=0x1
Is Free=true
Size=1073741823

We found a place
Created terminal object
Logging allocation table:
6
Item 0
Memory Address=0x0
Is Free=false
Size=1

Item 1
Memory Address=0x1
Is Free=false
Size=16

Item 2
Memory Address=0x11
Is Free=true
Size=1073741807

We found a place
Made TestClass instance, size of class is: 24
Logging allocation table:
7
Item 0
Memory Address=0x0
Is Free=false
Size=1

Item 1
Memory Address=0x1
Is Free=false
Size=16

Item 2
Memory Address=0x11
Is Free=false
Size=24

Item 3
Memory Address=0x29
Is Free=true
Size=1073741783

