Preparing memory manager...
Done
Setting up global variables...
Preparing globals
Spacing memory...
Done
Setting preset variable(s)...
Looking for global variable with specified name...
Done
We couldn't find the variable, so we'll create a new one
Copying name and value into new space...
Done
Done
Done
Starting terminal kernel...
Setting up terminal environment...
Done
Prompting the user for input...
Write string: 
cosh -> 
Done
Starting keypress listener...
Initialising PICs for keyboard input...
Done
Set keyboard scan code set to 1
Finshed keyboard setup
Done
Processing the current line of input...
Done
Interpreting command...
Printing terminal data...
Looking for global variable with specified name...
Done
We didn't find anything
Write string: 
MESH - MEta SHell
Write string: 
Version: 

Write string: 

Write string: 
Created: 11/03/2018
Write string: 
Written: JavaxCosten
Write string: 
Designed: DaBatchMan and JavaxCosten
Write string: 
Copyright (C) 2018 SketchesJavax, DaBatchMan and tcassar
Done
Done
Prompting the user for input...
Write string: 
cosh -> 
Done
Resetting input line...
Done
