Preparing memory manager...
0x0
Done
Starting Otter kernel...
The following is a test to demonstrate the functionality of the memory manager
Logging allocation table:
Item 0
Memory Address=0x0
Is Free=true
Size=0

Created terminal object
Logging allocation table:
Item 0
Memory Address=0x0
Is Free=true
Size=0

Made TestClass instance, size of class is: 24
Logging allocation table:
Item 0
Memory Address=0x0
Is Free=true
Size=0

Logging allocation table:
Item 0
Memory Address=0x0
Is Free=true
Size=0

Okay, tests done.
