Preparing memory manager...
Done
Setting up global variables...
Preparing globals
Spacing memory...
Done
Setting preset variable(s)...
Looking for global variable with specified name...
Done
We couldn't find the variable, so we'll create a new one
Copying name and value into new space...
Done
Done
Done
Starting terminal kernel...
Setting up terminal environment...
Done
Prompting the user for input...
Done
Starting keypress listener...
==========WARNING==========
Keypress listener is not working, keypresses are not detected/reacted to
===========================
Initialising PICs for keyboard input...
Done
==========FATAL==========
No point in continuing, input doesn't work
=========================
Finished
Copying specified value to the clipboard...
Done
Preparing memory manager...
Done
Setting up global variables...
Preparing globals
Spacing memory...
Done
Setting preset variable(s)...
Looking for global variable with specified name...
Done
We couldn't find the variable, so we'll create a new one
Copying name and value into new space...
Done
Done
Done
Starting terminal kernel...
Setting up terminal environment...
Done
Prompting the user for input...
Done
Starting keypress listener...
==========WARNING==========
Keypress listener is not working, keypresses are not detected/reacted to
===========================
Initialising PICs for keyboard input...
Done
==========FATAL==========
No point in continuing, input doesn't work
=========================
Finished
Copying specified value to the clipboard...
Done
